[debug] ----------------------------------------------------------------------
[debug] Command:      /Users/callanmorrison/.nvm/versions/node/v6.4.0/bin/node /Users/callanmorrison/.nvm/versions/node/v6.4.0/bin/firebase deploy
[debug] CLI Version:  3.0.7
[debug] Platform:     darwin
[debug] Node Version: v6.4.0
[debug] Time:         Sun Oct 30 2016 20:49:43 GMT-0500 (CDT)
[debug] ----------------------------------------------------------------------
[debug] 
[debug] > command requires scopes: ["email","openid","https://www.googleapis.com/auth/cloudplatformprojects.readonly","https://www.googleapis.com/auth/firebase"]
[debug] >>> HTTP REQUEST GET https://admin.firebase.com/v1/projects/portfolio-2c55d 
[debug] <<< HTTP RESPONSE 200
[debug] >>> HTTP REQUEST GET https://admin.firebase.com/v1/database/portfolio-2c55d/tokens 
[debug] <<< HTTP RESPONSE 200
[info] 
[info] === Deploying to 'portfolio-2c55d'...
[info] 
[info] i  deploying database, hosting
[info] ✔  database: rules ready to deploy.
[info] i  hosting: preparing public directory for upload...
[debug] >>> HTTP REQUEST PUT https://deploy.firebase.com/v1/hosting/portfolio-2c55d/uploads/-KVNQOkJ4f3UpCRGxT0G?fileCount=12161&message= 
